<?xml version="1.0" encoding="utf-8"?><testsuites name="pytest tests"><testsuite name="pytest" errors="0" failures="0" skipped="0" tests="21" time="3.442" timestamp="2026-04-16T19:29:30.483531-04:00" hostname="home"><testcase classname="test.test_main_package_glue" name="test_normalize_model_maps_aliases[unknown-model-gpt-4o-mini]" file="test\test_main_package_glue.py" line="8" time="0.006" /><testcase classname="test.test_main_package_glue" name="test_zip_dir_to_bytes_includes_nested_files" file="test\test_main_package_glue.py" line="22" time="0.025" /><testcase classname="test.test_main_package_glue" name="test_normalize_model_maps_aliases[None-gpt-4o-mini]" file="test\test_main_package_glue.py" line="8" time="0.001" /><testcase classname="test.test_main_package_glue" name="test_normalize_model_maps_aliases[gpt4-gpt-4o]" file="test\test_main_package_glue.py" line="8" time="0.001" /><testcase classname="test.test_main_package_glue" name="test_normalize_model_maps_aliases[gpt-4-turbo-gpt-4o]" file="test\test_main_package_glue.py" line="8" time="0.001" /><testcase classname="test.test_pypi_scraper" name="test_get_project_metadata_accepts_unknown_top_level_fields" file="test\test_pypi_scraper.py" line="44" time="0.067" /><testcase classname="test.test_main_package_glue" name="test_normalize_model_maps_aliases[claude-3.5-sonnet-gpt-4o]" file="test\test_main_package_glue.py" line="8" time="0.002" /><testcase classname="test.test_config" name="test_config_uses_defaults_when_environment_is_missing" file="test\test_config.py" line="5" time="0.173" /><testcase classname="test.test_pypi_scraper" name="test_get_all_releases_reads_upload_time_from_pypi_json_response" file="test\test_pypi_scraper.py" line="85" time="0.005" /><testcase classname="test.test_pypi_scraper" name="test_get_project_metadata_returns_none_for_404" file="test\test_pypi_scraper.py" line="68" time="0.003" /><testcase classname="test.test_config" name="test_config_reads_environment_overrides" file="test\test_config.py" line="35" time="0.001" /><testcase classname="test.test_package_cache" name="test_update_cache_downloads_and_loads_package_names" file="test\test_package_cache.py" line="31" time="0.019" /><testcase classname="test.test_package_cache" name="test_package_exists_normalizes_name" file="test\test_package_cache.py" line="20" time="0.008" /><testcase classname="test.test_cache_manager" name="test_search_cache_round_trip" file="test\test_cache_manager.py" line="27" time="0.033" /><testcase classname="test.test_cache_manager" name="test_cache_readme_persists_to_database_and_filesystem" file="test\test_cache_manager.py" line="68" time="0.032" /><testcase classname="test.test_config" name="test_config_validate_requires_api_key" file="test\test_config.py" line="57" time="0.002" /><testcase classname="test.test_cache_manager" name="test_get_cached_package_removes_stale_database_entries" file="test\test_cache_manager.py" line="82" time="0.039" /><testcase classname="test.test_cache_manager" name="test_cache_manager_initializes_expected_tables" file="test\test_cache_manager.py" line="19" time="0.013" /><testcase classname="test.test_cache_manager" name="test_get_all_cached_searches_skips_invalid_entries" file="test\test_cache_manager.py" line="45" time="0.020" /><testcase classname="test.test_initial" name="test_import" file="test\test_initial.py" line="3" time="0.001" /><testcase classname="test.test_cache_manager" name="test_generate_stub_package_creates_installable_structure" file="test\test_cache_manager.py" line="91" time="0.035" /></testsuite></testsuites>